/usr/local/programs/quast-4.6.3/quast.py -o Rhodo/ --threads 4 Rhodo/contigs.fasta --scaffolds

Version: 4.6.3

System information:
  OS: Linux-3.10.0-957.1.3.el7.x86_64-x86_64-with-centos-7.7.1908-Core (linux_64)
  Python version: 2.7.5
  CPUs number: 48

Started: 2019-11-20 17:18:32

Logging to /home/johnson.ta/BINF6308/GenomeAssembly/Rhodo/quast.log
NOTICE: Output directory already exists. Existing Nucmer alignments can be used

CWD: /home/johnson.ta/BINF6308/GenomeAssembly
Main parameters: 
  Threads: 4, scaffolds: true, minimum contig length: 500, ambiguity: one, threshold for extensive misassembly size: 1000

Contigs:
  Pre-processing...
  Rhodo/contigs.fasta ==> contigs
    breaking scaffolds into contigs:
      WARNING: nothing was broken, skipping 'contigs broken' from further analysis

2019-11-20 17:18:34
Running Basic statistics processor...
  Contig files: 
    contigs
  Calculating N50 and L50...
    contigs, N50 = 26601, L50 = 49, Total length = 4535438, GC % = 68.79, # N's per 100 kbp =  0.00
  Drawing Nx plot...
    saved to /home/johnson.ta/BINF6308/GenomeAssembly/Rhodo/basic_stats/Nx_plot.pdf
  Drawing cumulative plot...
    saved to /home/johnson.ta/BINF6308/GenomeAssembly/Rhodo/basic_stats/cumulative_plot.pdf
  Drawing GC content plot...
    saved to /home/johnson.ta/BINF6308/GenomeAssembly/Rhodo/basic_stats/GC_content_plot.pdf
  Drawing contigs GC content plot...
    saved to /home/johnson.ta/BINF6308/GenomeAssembly/Rhodo/basic_stats/contigs_GC_content_plot.pdf
  Drawing Coverage histogram (bin size: 1x)...
    saved to /home/johnson.ta/BINF6308/GenomeAssembly/Rhodo/basic_stats/coverage_histogram.pdf
  Drawing contigs coverage histogram (bin size: 1x)...
    saved to /home/johnson.ta/BINF6308/GenomeAssembly/Rhodo/basic_stats/contigs_coverage_histogram.pdf
Done.

NOTICE: Genes are not predicted by default. Use --gene-finding option to enable it.

2019-11-20 17:18:36
Creating large visual summaries...
This may take a while: press Ctrl-C to skip this step..
  1 of 2: Creating Icarus viewers...
  2 of 2: Creating PDF with all tables and plots...
Done

2019-11-20 17:18:37
RESULTS:
  Text versions of total report are saved to /home/johnson.ta/BINF6308/GenomeAssembly/Rhodo/report.txt, report.tsv, and report.tex
  Text versions of transposed total report are saved to /home/johnson.ta/BINF6308/GenomeAssembly/Rhodo/transposed_report.txt, transposed_report.tsv, and transposed_report.tex
  HTML version (interactive tables and plots) saved to /home/johnson.ta/BINF6308/GenomeAssembly/Rhodo/report.html
  PDF version (tables and plots) is saved to /home/johnson.ta/BINF6308/GenomeAssembly/Rhodo/report.pdf
  Icarus (contig browser) is saved to /home/johnson.ta/BINF6308/GenomeAssembly/Rhodo/icarus.html
  Log saved to /home/johnson.ta/BINF6308/GenomeAssembly/Rhodo/quast.log

Finished: 2019-11-20 17:18:37
Elapsed time: 0:00:05.177148
NOTICEs: 2; WARNINGs: 0; non-fatal ERRORs: 0

Thank you for using QUAST!
