hsa:1973
mmu:85305
hsa:56889
dre:30418
dme:Dmel_CG7483
bta:281080
cge:100689473
hsa:102724560
ssc:396966
mmu:27367
cel:CELE_F13D12.7
xla:447370
hsa:9512
bmor:693059
mmu:231086
mmu:53817
mmu:54170
bta:281370
cel:CELE_K02F2.2
mmu:65114
mmu:214897
mmu:12091
ocu:100009300
hsa:2665
cge:100760225
mmu:18145
mmu:23874
bta:615074
gga:396487
hmg:100197367
ocu:100328595
hsa:3312
mmu:192159
dme:Dmel_CG5394
hsa:1407
mcf:101925784
bta:534286
mmu:56055
bta:327675
rno:29539
bta:497025
mmu:72183
hsa:9149
ocu:100009225
mmu:66878
gga:378891
xla:379941
rno:64158
bfo:BRAFLDRAFT_56888
hsa:10670
dre:554861
bta:507815
dre:30591
cjo:107318960
dme:Dmel_CG9429
rno:81708
dre:322339
pon:100173760
mmu:103963
pon:100173854
mmu:14645
rno:116483
hsa:875
hsa:23560
rno:81656
xtr:549294
mmu:232087
mcf:102117863
rno:26295
gga:396325
spu:575735
mmu:57743
bta:535605
hsa:3069
mmu:12464
xla:399336
hsa:2023
hsa:10260
mmu:13200
hsa:847
hsa:26986
rno:362862
